1
2
2
3
451495
242
145074
350210
170106
234785
295676
142222
433025
140166
42246
512543
177146
295729
429420
224157
409710
106541
315202
177146
54299
373976
311024
177146
375632
269247
32394
433025
278998
48110
343478
225452
80918
151874
326699
268539
37692
263540
48113
240080
177146
381160
255878
510698
224396
137780
232166
513242
7640
218699
40709
45371
447857
383924
177146
121037
207756
248492
25946
393758
264626
46963
184448
185206
523650
433025
402407
5914
392892
401299
177146
78731
492074
258065
31455
177146
177146
3266
265598
22841
67796
474578
470331
84992
324477
57836
228542
240021
482379
530971
162524
39843
129220
169189
362555
177146
96731
312815
177146
485981
303992
356250
471132
528038
341539
146278
422090
111359
511066
383999
159876
110521
110314
116828
461156
303546
177146
209012
424419
177146
428059
408671
201342
26643
358377
529468
433025
177146
380051
373976
177146
101269
262002
149384
189283
363284
380711
319844
71684
324882
69166
299077
236438
255878
496523
228270
177146
227783
373976
177146
47627
526318
384957
324647
504818
49524
148973
120284
59653
4535
108527
2214
152603
68417
520475
368414
105995
373976
186028
232764
343951
369454
170514
402596
377852
475831
421003
284323
339860
499875
397434
445997
318148
235250
177146
291059
277748
207728
271370
339874
33608
507383
180465
492074
186464
162277
19682
468017
283517
290870
255878
155519
97963
353142
511220
359736
317864
440086
459996
176211
394929
337762
373976
393378
441003
437569
177146
226910
163905
512432
161264
177146
481139
433025
96824
103688
245294
120785
406241
360937
516599
410774
433025
137780
336646
255878
390493
97188
109619
146500
220882
76787
227823
88114
275032
200258
177146
283565
177146
247405
154061
22162
96782
79229
75959
389285
74438
520505
162216
432925
177146
60643
187595
166400
399734
255878
265598
177146
469909
7095
231884
188765
100844
23354
25168
107405
277967
436241
191053
9998
186883
94040
185112
184799
468989
177146
517294
159650
87479
48113
397230
333065
19682
463779
499872
177146
113198
373976
78731
177146
460970
303992
177146
177146
419192
134014
3365
456734
19682
307504
527309
327068
195722
177146
330236
492074
74553
79730
175222
177146
136583
527066
467611
415529
302399
460241
338482
481139
177146
289876
25380
331937
13553
177146
225765
477733
21329
177146
402407
342872
263543
43043
206499
356480
405306
413486
373976
177146
222620
298242
97304
59876
175725
459584
209855
104348
83909
271187
250481
518797
428906
61235
196829
85599
482601
137780
177146
326761
293696
454950
47689
135147
424520
177146
369129
422090
78731
434137
347488
28430
507383
479648
88186
82619
298667
137780
196829
402425
209852
454895
177146
78731
175931
19682
177146
139967
311898
177146
334442
177146
376514
528791
373547
329195
129943
450495
509921
158810
201924
222509
465214
333950
530984
103889
373976
177146
492074
513944
177146
322841
413379
177146
300732
151287
287579
174971
464537
177146
356480
331104
399129
326432
389285
258074
177146
19682
314927
399842
246069
84528
177146
512918
10992
309254
216974
52113
399100
426510
87371
169370
177146
427687
276883
108982
127088
26157
507889
180389
129456
246554
222132
314927
205577
465110
492074
57371
88451
294758
177146
456104
388684
212491
524502
177146
151658
230605
169802
472634
318219
133481
239619
143203
388381
173334
177771
511959
428165
177146
172581
121485
52866
382664
288638
428036
177146
373976
274373
183915
451400
88409
16437
102722
68546
407296
106423
196829
277748
168992
78731
310553
314927
46147
299049
271187
189506
218699
222715
12564
519947
167534
504747
314927
76547
255709
433025
115859
24538
177146
70570
67796
136478
500795
3225
177146
168091
199016
77562
373976
126008
498348
179333
238599
53294
504970
373976
78731
422932
87101
78731
83895
78731
19682
177146
255878
16122
146528
322360
157367
494789
40421
19682
492074
440307
523367
186836
177146
346706
177365
139967
218914
334046
177146
93989
120986
177146
387773
267056
223316
48739
369602
50543
161842
5345
229877
78731
445538
253165
53169
112409
236259
362987
10643
177146
486587
256230
323675
266327
433025
263151
314927
505856
153089
41206
264316
386612
367199
314927
196829
137780
174952
513944
78396
17501
265013
198321
300536
255878
186974
291259
489752
137294
110939
209465
177146
45686
140559
353288
172772
386187
524825
282392
433025
14114
150860
221237
115085
373976
255158
373976
512729
485922
508355
469451
523610
214592
418465
442228
369068
10946
433268
246012
445656
195558
134378
373976
177146
296789
130577
26256
511301
27215
298187
177146
305061
67194
351145
312287
177146
172483
225260
177941
468017
314927
78731
199255
177146
19682
308571
474578
487700
380859
311659
290849
137780
195050
129017
19489
120403
153359
351496
222940
177146
337429
224774
307880
373976
83294
451959
134330
300568
78731
241163
248971
232450
51268
26594
177146
177146
507383
349919
166136
80508
515325
287443
210278
284495
314927
383316
331607
335042
177146
327021
146665
177146
373976
291363
527509
97751
458457
433025
89909
177146
100364
156778
166211
2456
227069
3441
235761
137780
177146
314927
85535
96092
177146
207686
448055
195259
452087
177146
177146
359685
80059
78731
375677
196829
340814
177146
366200
454089
177146
66823
502252
517713
391858
240584
177146
80918
69066
177146
383222
177146
78731
321195
394166
205928
345343
51551
103691
178765
415529
418921
492074
226097
492074
492074
204362
407684
427899
89274
196829
124791
118203
413295
394644
152871
405161
166211
310721
66147
19682
26327
284216
491200
262385
177146
468735
272315
177146
156328
448334
177146
129798
78731
492074
373976
393883
448334
454895
197483
366389
167473
184468
47425
163280
507383
212177
448621
139548
402650
333273
324647
254411
519637
106160
376944
240987
6751
515377
155809
29351
407022
528971
6190
244697
423367
22638
172772
153389
341176
513944
196829
436965
177146
433025
481431
126488
96330
379956
415514
281776
177146
50543
366227
217973
469388
62693
370271
84806
251345
177146
477011
433025
353423
211341
462941
254916
177146
49022
314927
52106
112188
297431
244943
489213
389829
177146
177146
258755
117796
525312
238913
291113
177146
474578
376163
434726
422017
297431
287430
255878
293975
201585
1684
393260
33776
285413
373976
149124
194566
177146
4508
283334
88987
35170
290036
344378
88132
306443
177146
63985
177146
177146
362481
296009
177146
453378
373976
177146
177146
314927
19682
433025
94040
11008
196829
455647
76313
329021
137780
358000
177146
419687
237896
99413
293989
342382
177146
35099
177146
88559
220478
177146
177146
28673
251504
74357
255878
148658
78731
408597
314927
131065
314927
176114
466802
357351
89031
1713
17660
177146
78731
93521
185894
369353
461456
179333
357298
497887
218532
183735
98237
23178
526448
373976
516374
93662
425249
401267
16688
340782
218387
469786
261344
21869
216231
75807
177146
208876
250640
115559
255878
107185
177146
196829
237581
177146
492074
80597
381037
196829
199998
33606
239978
184857
528946
313712
492074
154459
137780
159893
351459
40040
514916
177146
193886
373976
346673
335697
481382
34626
531321
258709
291593
447466
72413
221968
172792
492074
305274
27617
402434
428651
177146
219745
529667
286346
246465
177146
392552
423390
177146
177146
143074
137780
67852
172772
177146
489947
390668
109068
225384
438905
489568
3242
153075
481040
528038
386876
520069
196829
462437
314927
255878
40931
33166
200960
371842
34991
275559
75739
123005
170009
39883
338770
487700
514691
124135
191688
119191
122523
269166
191018
7870
177146
500274
188868
9584
422115
55916
114695
66269
172749
395846
492074
142594
263864
776
177146
177146
360473
177146
305720
380780
398866
481139
40337
403628
267785
263572
25902
291977
27944
298430
165597
121960
177146
266750
93143
177146
129926
177146
344600
191567
509999
394573
264053
341582
190537
216308
3881
452951
269039
69263
88606
266251
433025
89568
462445
281547
449082
435455
48113
153332
346494
95012
114695
318923
364121
203633
11022
345431
395846
355628
492074
352398
78731
312254
444203
255878
492074
177146
44390
137191
354790
161559
22226
31082
408022
11204
403945
419417
65945
101887
177146
255878
78731
183950
177146
330124
403163
299398
513602
34991
144421
202676
129311
294496
341927
255659
177146
302048
461699
470447
498078
470012
42214
449593
297995
433025
78494
46468
19682
165106
91349
300035
74357
153089
489401
393864
298028
286724
404837
276665
326896
441773
237250
190125
331994
141415
481518
521908
369602
361822
141710
407942
531441
