999616 999446 999322
999946 999832 999761
999960 999922 999905
999991 999962 999878
999979 999972 999883
999939 999857 999741
999946 999869 999310
999970 999916 999913
999889 999546 999397
999759 999646 999527
999977 999735 999619
999986 999931 999847
999977 999690 999611
999598 999589 999519
999983 999673 999657
999980 999864 999675
999775 999762 999547
999994 999935 999773
999967 999797 999766
999957 999818 999765
999857 999854 999488
999463 999460 999102
999938 999760 999759
999955 999880 999796
999897 999620 999221
999991 999808 999640
999492 999430 999066
999875 999844 999418
999870 999855 999849
999985 999881 999325
999967 999931 999785
999930 999571 999541
