999951 999726 999713
999971 999897 999754
999975 999943 999937
999952 999891 999878
999954 999931 999894
999916 999905 999706
999961 999881 999791
999954 999733 999666
999977 999769 999702
999639 999442 999346
999837 999798 999674
999926 999875 999637
999762 999731 999426
999980 999602 999589
999969 999926 999922
999620 999536 999498
999983 999920 999661
999873 999847 999572
999986 999921 999911
999960 999707 999365
999925 999911 999883
999864 999811 999805
999993 999889 999855
999654 999638 999489
999736 999643 999641
999952 999942 999936
999836 999827 999824
999972 999930 999703
999891 999877 999835
999998 999981 999898
999689 999683 999522
999948 999912 999842
999861 999809 999754
999904 999859 999830
999854 999718 999676
999928 999898 999562
999981 999968 999712
999839 999829 999821
999728 999367 999359
999986 999838 999786
999839 999837 999805
999921 999850 999844
999891 999880 999798
999927 999867 999823
999780 999778 999763
999890 999872 999845
999990 999905 999860
999936 999847 999753
999906 999687 999639
999954 999891 999795
999850 999791 999622
999968 999932 999918
999976 999856 999734
999983 999922 999757
999927 999878 999716
999939 999921 999754
999953 999877 999678
999786 999752 999716
999605 999589 999530
999989 999961 999946
999913 999793 999630
999991 999971 999893
999867 999709 999636
999988 999871 999760
999966 999897 999683
999960 999811 999721
999829 999723 999698
999916 999907 999739
999890 999724 999647
999918 999850 999772
999860 999745 999702
999986 999816 999793
999944 999885 999659
999840 999766 999695
999993 999848 999836
999812 999801 999754
999960 999958 999758
999911 999659 999611
999960 999952 999925
999902 999867 999862
999826 999746 999705
999970 999969 999939
999976 999940 999915
999993 999959 999871
999974 999899 999730
999964 999816 999748
999837 999756 999696
999988 999972 999906
999987 999908 999861
999955 999933 999807
999844 999750 999743
999620 999439 999268
999838 999831 999807
999995 999958 999556
999972 999922 999808
999950 999728 999572
999872 999825 999786
999979 999944 999905
999859 999488 999364
999976 999885 999833
999786 999689 999452
999931 999891 999846
999641 999586 999580
999892 999771 999414
999770 999727 999708
999917 999831 999618
999982 999978 999907
999894 999825 999803
999938 999848 999811
999610 999558 999381
999899 999792 999772
999924 999904 999842
999730 999647 999419
999941 999820 999772
999843 999732 999525
999886 999783 999417
999955 999952 999753
999914 999815 999788
999997 999949 999926
999655 999497 999442
999906 999874 999682
999869 999737 999596
999922 999848 999490
999985 999804 999774
999980 999975 999949
999984 999405 999366
999985 999963 999897
999895 999882 999827
